{"C:\\Users\\lukaf\\Desktop\\Dev Work\\cola-records\\src\\renderer\\components\\contributions\\ContributionWorkflowModal.tsx": {"path":"C:\\Users\\lukaf\\Desktop\\Dev Work\\cola-records\\src\\renderer\\components\\contributions\\ContributionWorkflowModal.tsx","statementMap":{"0":{"start":{"line":29,"column":38},"end":{"line":29,"column":null}},"1":{"start":{"line":31,"column":2},"end":{"line":35,"column":null}},"2":{"start":{"line":32,"column":4},"end":{"line":34,"column":null}},"3":{"start":{"line":33,"column":6},"end":{"line":33,"column":null}},"4":{"start":{"line":37,"column":22},"end":{"line":40,"column":null}},"5":{"start":{"line":38,"column":4},"end":{"line":38,"column":null}},"6":{"start":{"line":39,"column":4},"end":{"line":39,"column":null}},"7":{"start":{"line":42,"column":25},"end":{"line":47,"column":null}},"8":{"start":{"line":43,"column":4},"end":{"line":46,"column":null}},"9":{"start":{"line":44,"column":6},"end":{"line":44,"column":null}},"10":{"start":{"line":45,"column":6},"end":{"line":45,"column":null}},"11":{"start":{"line":49,"column":27},"end":{"line":66,"column":null}},"12":{"start":{"line":50,"column":4},"end":{"line":65,"column":null}},"13":{"start":{"line":52,"column":8},"end":{"line":52,"column":null}},"14":{"start":{"line":54,"column":8},"end":{"line":54,"column":null}},"15":{"start":{"line":56,"column":8},"end":{"line":56,"column":null}},"16":{"start":{"line":58,"column":8},"end":{"line":58,"column":null}},"17":{"start":{"line":60,"column":8},"end":{"line":60,"column":null}},"18":{"start":{"line":62,"column":8},"end":{"line":62,"column":null}},"19":{"start":{"line":64,"column":8},"end":{"line":64,"column":null}},"20":{"start":{"line":68,"column":23},"end":{"line":70,"column":null}},"21":{"start":{"line":72,"column":2},"end":{"line":127,"column":null}}},"fnMap":{"0":{"name":"ContributionWorkflowModal","decl":{"start":{"line":23,"column":16},"end":{"line":23,"column":42}},"loc":{"start":{"line":28,"column":35},"end":{"line":129,"column":null}},"line":28},"1":{"name":"(anonymous_1)","decl":{"start":{"line":31,"column":12},"end":{"line":31,"column":18}},"loc":{"start":{"line":31,"column":18},"end":{"line":35,"column":5}},"line":31},"2":{"name":"(anonymous_2)","decl":{"start":{"line":37,"column":22},"end":{"line":37,"column":28}},"loc":{"start":{"line":37,"column":28},"end":{"line":40,"column":null}},"line":37},"3":{"name":"(anonymous_3)","decl":{"start":{"line":42,"column":25},"end":{"line":42,"column":31}},"loc":{"start":{"line":42,"column":31},"end":{"line":47,"column":null}},"line":42},"4":{"name":"(anonymous_4)","decl":{"start":{"line":49,"column":27},"end":{"line":49,"column":33}},"loc":{"start":{"line":49,"column":33},"end":{"line":66,"column":null}},"line":49}},"branchMap":{"0":{"loc":{"start":{"line":32,"column":4},"end":{"line":34,"column":null}},"type":"if","locations":[{"start":{"line":32,"column":4},"end":{"line":34,"column":null}},{"start":{},"end":{}}],"line":32},"1":{"loc":{"start":{"line":32,"column":8},"end":{"line":32,"column":52}},"type":"binary-expr","locations":[{"start":{"line":32,"column":8},"end":{"line":32,"column":18}},{"start":{"line":32,"column":18},"end":{"line":32,"column":27}},{"start":{"line":32,"column":27},"end":{"line":32,"column":52}}],"line":32},"2":{"loc":{"start":{"line":43,"column":4},"end":{"line":46,"column":null}},"type":"if","locations":[{"start":{"line":43,"column":4},"end":{"line":46,"column":null}},{"start":{},"end":{}}],"line":43},"3":{"loc":{"start":{"line":50,"column":4},"end":{"line":65,"column":null}},"type":"switch","locations":[{"start":{"line":51,"column":6},"end":{"line":52,"column":null}},{"start":{"line":53,"column":6},"end":{"line":54,"column":null}},{"start":{"line":55,"column":6},"end":{"line":56,"column":null}},{"start":{"line":57,"column":6},"end":{"line":58,"column":null}},{"start":{"line":59,"column":6},"end":{"line":60,"column":null}},{"start":{"line":61,"column":6},"end":{"line":62,"column":null}},{"start":{"line":63,"column":6},"end":{"line":64,"column":null}}],"line":50},"4":{"loc":{"start":{"line":78,"column":13},"end":{"line":78,"column":null}},"type":"cond-expr","locations":[{"start":{"line":78,"column":21},"end":{"line":78,"column":62}},{"start":{"line":78,"column":62},"end":{"line":78,"column":null}}],"line":78},"5":{"loc":{"start":{"line":86,"column":13},"end":{"line":86,"column":null}},"type":"binary-expr","locations":[{"start":{"line":86,"column":13},"end":{"line":86,"column":29}},{"start":{"line":86,"column":29},"end":{"line":86,"column":null}}],"line":86},"6":{"loc":{"start":{"line":90,"column":11},"end":{"line":98,"column":null}},"type":"binary-expr","locations":[{"start":{"line":90,"column":11},"end":{"line":90,"column":42}},{"start":{"line":90,"column":42},"end":{"line":90,"column":null}},{"start":{"line":91,"column":12},"end":{"line":98,"column":null}}],"line":90},"7":{"loc":{"start":{"line":102,"column":9},"end":{"line":108,"column":null}},"type":"binary-expr","locations":[{"start":{"line":102,"column":9},"end":{"line":102,"column":null}},{"start":{"line":103,"column":10},"end":{"line":108,"column":null}}],"line":102},"8":{"loc":{"start":{"line":111,"column":9},"end":{"line":116,"column":null}},"type":"binary-expr","locations":[{"start":{"line":111,"column":9},"end":{"line":111,"column":null}},{"start":{"line":112,"column":10},"end":{"line":116,"column":null}}],"line":111},"9":{"loc":{"start":{"line":119,"column":9},"end":{"line":124,"column":null}},"type":"binary-expr","locations":[{"start":{"line":119,"column":9},"end":{"line":119,"column":null}},{"start":{"line":120,"column":10},"end":{"line":124,"column":null}}],"line":119}},"s":{"0":9,"1":9,"2":9,"3":3,"4":9,"5":2,"6":2,"7":9,"8":1,"9":1,"10":1,"11":9,"12":9,"13":1,"14":0,"15":0,"16":0,"17":3,"18":1,"19":4,"20":9,"21":9},"f":{"0":9,"1":9,"2":2,"3":1,"4":9},"b":{"0":[3,6],"1":[9,8,8],"2":[1,0],"3":[1,0,0,0,3,1,4],"4":[9,0],"5":[9,1],"6":[9,3,3],"7":[9,3],"8":[9,1],"9":[9,1]},"meta":{"lastBranch":10,"lastFunction":5,"lastStatement":22,"seen":{"f:23:16:23:42":0,"s:29:38:29:Infinity":0,"s:31:2:35:Infinity":1,"f:31:12:31:18":1,"b:32:4:34:Infinity:undefined:undefined:undefined:undefined":0,"s:32:4:34:Infinity":2,"b:32:8:32:18:32:18:32:27:32:27:32:52":1,"s:33:6:33:Infinity":3,"s:37:22:40:Infinity":4,"f:37:22:37:28":2,"s:38:4:38:Infinity":5,"s:39:4:39:Infinity":6,"s:42:25:47:Infinity":7,"f:42:25:42:31":3,"b:43:4:46:Infinity:undefined:undefined:undefined:undefined":2,"s:43:4:46:Infinity":8,"s:44:6:44:Infinity":9,"s:45:6:45:Infinity":10,"s:49:27:66:Infinity":11,"f:49:27:49:33":4,"b:51:6:52:Infinity:53:6:54:Infinity:55:6:56:Infinity:57:6:58:Infinity:59:6:60:Infinity:61:6:62:Infinity:63:6:64:Infinity":3,"s:50:4:65:Infinity":12,"s:52:8:52:Infinity":13,"s:54:8:54:Infinity":14,"s:56:8:56:Infinity":15,"s:58:8:58:Infinity":16,"s:60:8:60:Infinity":17,"s:62:8:62:Infinity":18,"s:64:8:64:Infinity":19,"s:68:23:70:Infinity":20,"s:72:2:127:Infinity":21,"b:78:21:78:62:78:62:78:Infinity":4,"b:86:13:86:29:86:29:86:Infinity":5,"b:90:11:90:42:90:42:90:Infinity:91:12:98:Infinity":6,"b:102:9:102:Infinity:103:10:108:Infinity":7,"b:111:9:111:Infinity:112:10:116:Infinity":8,"b:119:9:119:Infinity:120:10:124:Infinity":9}}}
,"C:\\Users\\lukaf\\Desktop\\Dev Work\\cola-records\\src\\renderer\\components\\issues\\RepositoryFileTree.tsx": {"path":"C:\\Users\\lukaf\\Desktop\\Dev Work\\cola-records\\src\\renderer\\components\\issues\\RepositoryFileTree.tsx","statementMap":{"0":{"start":{"line":19,"column":22},"end":{"line":19,"column":null}},"1":{"start":{"line":20,"column":28},"end":{"line":20,"column":null}},"2":{"start":{"line":21,"column":24},"end":{"line":21,"column":null}},"3":{"start":{"line":22,"column":40},"end":{"line":22,"column":null}},"4":{"start":{"line":24,"column":2},"end":{"line":40,"column":null}},"5":{"start":{"line":25,"column":22},"end":{"line":37,"column":null}},"6":{"start":{"line":26,"column":6},"end":{"line":36,"column":null}},"7":{"start":{"line":27,"column":8},"end":{"line":27,"column":null}},"8":{"start":{"line":28,"column":8},"end":{"line":28,"column":null}},"9":{"start":{"line":29,"column":30},"end":{"line":29,"column":null}},"10":{"start":{"line":30,"column":21},"end":{"line":30,"column":null}},"11":{"start":{"line":31,"column":8},"end":{"line":31,"column":null}},"12":{"start":{"line":33,"column":8},"end":{"line":33,"column":null}},"13":{"start":{"line":35,"column":8},"end":{"line":35,"column":null}},"14":{"start":{"line":39,"column":4},"end":{"line":39,"column":null}},"15":{"start":{"line":42,"column":24},"end":{"line":52,"column":null}},"16":{"start":{"line":43,"column":4},"end":{"line":43,"column":null}},"17":{"start":{"line":43,"column":45},"end":{"line":43,"column":null}},"18":{"start":{"line":45,"column":4},"end":{"line":51,"column":null}},"19":{"start":{"line":45,"column":40},"end":{"line":51,"column":6}},"20":{"start":{"line":54,"column":21},"end":{"line":64,"column":null}},"21":{"start":{"line":55,"column":4},"end":{"line":63,"column":null}},"22":{"start":{"line":56,"column":19},"end":{"line":56,"column":null}},"23":{"start":{"line":57,"column":6},"end":{"line":61,"column":null}},"24":{"start":{"line":58,"column":8},"end":{"line":58,"column":null}},"25":{"start":{"line":60,"column":8},"end":{"line":60,"column":null}},"26":{"start":{"line":62,"column":6},"end":{"line":62,"column":null}},"27":{"start":{"line":66,"column":21},"end":{"line":115,"column":null}},"28":{"start":{"line":67,"column":21},"end":{"line":67,"column":null}},"29":{"start":{"line":68,"column":23},"end":{"line":68,"column":null}},"30":{"start":{"line":69,"column":24},"end":{"line":69,"column":null}},"31":{"start":{"line":70,"column":24},"end":{"line":70,"column":null}},"32":{"start":{"line":72,"column":4},"end":{"line":113,"column":null}},"33":{"start":{"line":77,"column":25},"end":{"line":77,"column":null}},"34":{"start":{"line":110,"column":43},"end":{"line":110,"column":81}},"35":{"start":{"line":117,"column":22},"end":{"line":123,"column":null}},"36":{"start":{"line":118,"column":4},"end":{"line":118,"column":null}},"37":{"start":{"line":118,"column":21},"end":{"line":118,"column":null}},"38":{"start":{"line":119,"column":14},"end":{"line":119,"column":null}},"39":{"start":{"line":120,"column":18},"end":{"line":120,"column":null}},"40":{"start":{"line":121,"column":14},"end":{"line":121,"column":null}},"41":{"start":{"line":122,"column":4},"end":{"line":122,"column":null}},"42":{"start":{"line":125,"column":2},"end":{"line":131,"column":null}},"43":{"start":{"line":126,"column":4},"end":{"line":129,"column":null}},"44":{"start":{"line":133,"column":2},"end":{"line":139,"column":null}},"45":{"start":{"line":134,"column":4},"end":{"line":137,"column":null}},"46":{"start":{"line":141,"column":2},"end":{"line":147,"column":null}},"47":{"start":{"line":142,"column":4},"end":{"line":145,"column":null}},"48":{"start":{"line":149,"column":2},"end":{"line":152,"column":null}},"49":{"start":{"line":151,"column":26},"end":{"line":151,"column":42}}},"fnMap":{"0":{"name":"RepositoryFileTree","decl":{"start":{"line":18,"column":16},"end":{"line":18,"column":35}},"loc":{"start":{"line":18,"column":93},"end":{"line":154,"column":null}},"line":18},"1":{"name":"(anonymous_1)","decl":{"start":{"line":24,"column":12},"end":{"line":24,"column":18}},"loc":{"start":{"line":24,"column":18},"end":{"line":40,"column":5}},"line":24},"2":{"name":"(anonymous_2)","decl":{"start":{"line":25,"column":22},"end":{"line":25,"column":34}},"loc":{"start":{"line":25,"column":34},"end":{"line":37,"column":null}},"line":25},"3":{"name":"(anonymous_3)","decl":{"start":{"line":42,"column":24},"end":{"line":42,"column":25}},"loc":{"start":{"line":42,"column":60},"end":{"line":52,"column":null}},"line":42},"4":{"name":"(anonymous_4)","decl":{"start":{"line":45,"column":23},"end":{"line":45,"column":24}},"loc":{"start":{"line":45,"column":40},"end":{"line":51,"column":6}},"line":45},"5":{"name":"(anonymous_5)","decl":{"start":{"line":54,"column":21},"end":{"line":54,"column":22}},"loc":{"start":{"line":54,"column":43},"end":{"line":64,"column":null}},"line":54},"6":{"name":"(anonymous_6)","decl":{"start":{"line":55,"column":21},"end":{"line":55,"column":22}},"loc":{"start":{"line":55,"column":31},"end":{"line":63,"column":5}},"line":55},"7":{"name":"(anonymous_7)","decl":{"start":{"line":66,"column":21},"end":{"line":66,"column":22}},"loc":{"start":{"line":66,"column":102},"end":{"line":115,"column":null}},"line":66},"8":{"name":"(anonymous_8)","decl":{"start":{"line":77,"column":19},"end":{"line":77,"column":25}},"loc":{"start":{"line":77,"column":25},"end":{"line":77,"column":null}},"line":77},"9":{"name":"(anonymous_9)","decl":{"start":{"line":110,"column":32},"end":{"line":110,"column":33}},"loc":{"start":{"line":110,"column":43},"end":{"line":110,"column":81}},"line":110},"10":{"name":"(anonymous_10)","decl":{"start":{"line":117,"column":22},"end":{"line":117,"column":23}},"loc":{"start":{"line":117,"column":49},"end":{"line":123,"column":null}},"line":117},"11":{"name":"(anonymous_11)","decl":{"start":{"line":151,"column":16},"end":{"line":151,"column":17}},"loc":{"start":{"line":151,"column":26},"end":{"line":151,"column":42}},"line":151}},"branchMap":{"0":{"loc":{"start":{"line":18,"column":49},"end":{"line":18,"column":65}},"type":"default-arg","locations":[{"start":{"line":18,"column":58},"end":{"line":18,"column":65}}],"line":18},"1":{"loc":{"start":{"line":33,"column":17},"end":{"line":33,"column":80}},"type":"cond-expr","locations":[{"start":{"line":33,"column":40},"end":{"line":33,"column":54}},{"start":{"line":33,"column":54},"end":{"line":33,"column":80}}],"line":33},"2":{"loc":{"start":{"line":43,"column":4},"end":{"line":43,"column":null}},"type":"if","locations":[{"start":{"line":43,"column":4},"end":{"line":43,"column":null}},{"start":{},"end":{}}],"line":43},"3":{"loc":{"start":{"line":43,"column":8},"end":{"line":43,"column":45}},"type":"binary-expr","locations":[{"start":{"line":43,"column":8},"end":{"line":43,"column":20}},{"start":{"line":43,"column":20},"end":{"line":43,"column":45}}],"line":43},"4":{"loc":{"start":{"line":49,"column":16},"end":{"line":49,"column":null}},"type":"cond-expr","locations":[{"start":{"line":49,"column":40},"end":{"line":49,"column":78}},{"start":{"line":49,"column":78},"end":{"line":49,"column":null}}],"line":49},"5":{"loc":{"start":{"line":57,"column":6},"end":{"line":61,"column":null}},"type":"if","locations":[{"start":{"line":57,"column":6},"end":{"line":61,"column":null}},{"start":{"line":59,"column":13},"end":{"line":61,"column":null}}],"line":57},"6":{"loc":{"start":{"line":66,"column":42},"end":{"line":66,"column":61}},"type":"default-arg","locations":[{"start":{"line":66,"column":57},"end":{"line":66,"column":61}}],"line":66},"7":{"loc":{"start":{"line":66,"column":61},"end":{"line":66,"column":102}},"type":"default-arg","locations":[{"start":{"line":66,"column":77},"end":{"line":66,"column":102}}],"line":66},"8":{"loc":{"start":{"line":70,"column":24},"end":{"line":70,"column":null}},"type":"binary-expr","locations":[{"start":{"line":70,"column":24},"end":{"line":70,"column":41}},{"start":{"line":70,"column":41},"end":{"line":70,"column":null}}],"line":70},"9":{"loc":{"start":{"line":77,"column":25},"end":{"line":77,"column":null}},"type":"binary-expr","locations":[{"start":{"line":77,"column":25},"end":{"line":77,"column":40}},{"start":{"line":77,"column":40},"end":{"line":77,"column":null}}],"line":77},"10":{"loc":{"start":{"line":79,"column":11},"end":{"line":99,"column":null}},"type":"cond-expr","locations":[{"start":{"line":80,"column":12},"end":{"line":94,"column":null}},{"start":{"line":96,"column":12},"end":{"line":99,"column":null}}],"line":79},"11":{"loc":{"start":{"line":81,"column":15},"end":{"line":85,"column":null}},"type":"binary-expr","locations":[{"start":{"line":81,"column":15},"end":{"line":81,"column":null}},{"start":{"line":82,"column":16},"end":{"line":85,"column":null}}],"line":81},"12":{"loc":{"start":{"line":82,"column":16},"end":{"line":85,"column":null}},"type":"cond-expr","locations":[{"start":{"line":83,"column":18},"end":{"line":83,"column":null}},{"start":{"line":85,"column":18},"end":{"line":85,"column":null}}],"line":82},"13":{"loc":{"start":{"line":88,"column":15},"end":{"line":88,"column":null}},"type":"binary-expr","locations":[{"start":{"line":88,"column":15},"end":{"line":88,"column":31}},{"start":{"line":88,"column":31},"end":{"line":88,"column":null}}],"line":88},"14":{"loc":{"start":{"line":89,"column":15},"end":{"line":92,"column":null}},"type":"cond-expr","locations":[{"start":{"line":90,"column":16},"end":{"line":90,"column":null}},{"start":{"line":92,"column":16},"end":{"line":92,"column":null}}],"line":89},"15":{"loc":{"start":{"line":102,"column":11},"end":{"line":105,"column":null}},"type":"binary-expr","locations":[{"start":{"line":102,"column":11},"end":{"line":102,"column":27}},{"start":{"line":102,"column":27},"end":{"line":102,"column":null}},{"start":{"line":103,"column":12},"end":{"line":105,"column":null}}],"line":102},"16":{"loc":{"start":{"line":108,"column":9},"end":{"line":111,"column":null}},"type":"binary-expr","locations":[{"start":{"line":108,"column":9},"end":{"line":108,"column":24}},{"start":{"line":108,"column":24},"end":{"line":108,"column":38}},{"start":{"line":108,"column":38},"end":{"line":108,"column":null}},{"start":{"line":109,"column":10},"end":{"line":111,"column":null}}],"line":108},"17":{"loc":{"start":{"line":118,"column":4},"end":{"line":118,"column":null}},"type":"if","locations":[{"start":{"line":118,"column":4},"end":{"line":118,"column":null}},{"start":{},"end":{}}],"line":118},"18":{"loc":{"start":{"line":125,"column":2},"end":{"line":131,"column":null}},"type":"if","locations":[{"start":{"line":125,"column":2},"end":{"line":131,"column":null}},{"start":{},"end":{}}],"line":125},"19":{"loc":{"start":{"line":133,"column":2},"end":{"line":139,"column":null}},"type":"if","locations":[{"start":{"line":133,"column":2},"end":{"line":139,"column":null}},{"start":{},"end":{}}],"line":133},"20":{"loc":{"start":{"line":141,"column":2},"end":{"line":147,"column":null}},"type":"if","locations":[{"start":{"line":141,"column":2},"end":{"line":147,"column":null}},{"start":{},"end":{}}],"line":141}},"s":{"0":23,"1":23,"2":23,"3":23,"4":23,"5":10,"6":10,"7":10,"8":10,"9":10,"10":10,"11":8,"12":1,"13":9,"14":10,"15":23,"16":13,"17":0,"18":13,"19":12,"20":23,"21":4,"22":4,"23":4,"24":1,"25":3,"26":4,"27":23,"28":16,"29":16,"30":16,"31":16,"32":16,"33":4,"34":4,"35":23,"36":6,"37":0,"38":6,"39":6,"40":6,"41":6,"42":23,"43":10,"44":13,"45":1,"46":12,"47":3,"48":9,"49":12},"f":{"0":23,"1":10,"2":10,"3":13,"4":12,"5":4,"6":4,"7":16,"8":4,"9":4,"10":6,"11":12},"b":{"0":[23],"1":[1,0],"2":[0,13],"3":[13,13],"4":[5,7],"5":[1,3],"6":[16],"7":[16],"8":[16,10],"9":[4,4],"10":[10,6],"11":[10,9],"12":[4,5],"13":[10,1],"14":[4,6],"15":[16,6,6],"16":[16,10,4,4],"17":[0,6],"18":[10,13],"19":[1,12],"20":[3,9]},"meta":{"lastBranch":21,"lastFunction":12,"lastStatement":50,"seen":{"f:18:16:18:35":0,"b:18:58:18:65":0,"s:19:22:19:Infinity":0,"s:20:28:20:Infinity":1,"s:21:24:21:Infinity":2,"s:22:40:22:Infinity":3,"s:24:2:40:Infinity":4,"f:24:12:24:18":1,"s:25:22:37:Infinity":5,"f:25:22:25:34":2,"s:26:6:36:Infinity":6,"s:27:8:27:Infinity":7,"s:28:8:28:Infinity":8,"s:29:30:29:Infinity":9,"s:30:21:30:Infinity":10,"s:31:8:31:Infinity":11,"s:33:8:33:Infinity":12,"b:33:40:33:54:33:54:33:80":1,"s:35:8:35:Infinity":13,"s:39:4:39:Infinity":14,"s:42:24:52:Infinity":15,"f:42:24:42:25":3,"b:43:4:43:Infinity:undefined:undefined:undefined:undefined":2,"s:43:4:43:Infinity":16,"b:43:8:43:20:43:20:43:45":3,"s:43:45:43:Infinity":17,"s:45:4:51:Infinity":18,"f:45:23:45:24":4,"s:45:40:51:6":19,"b:49:40:49:78:49:78:49:Infinity":4,"s:54:21:64:Infinity":20,"f:54:21:54:22":5,"s:55:4:63:Infinity":21,"f:55:21:55:22":6,"s:56:19:56:Infinity":22,"b:57:6:61:Infinity:59:13:61:Infinity":5,"s:57:6:61:Infinity":23,"s:58:8:58:Infinity":24,"s:60:8:60:Infinity":25,"s:62:6:62:Infinity":26,"s:66:21:115:Infinity":27,"f:66:21:66:22":7,"b:66:57:66:61":6,"b:66:77:66:102":7,"s:67:21:67:Infinity":28,"s:68:23:68:Infinity":29,"s:69:24:69:Infinity":30,"s:70:24:70:Infinity":31,"b:70:24:70:41:70:41:70:Infinity":8,"s:72:4:113:Infinity":32,"f:77:19:77:25":8,"s:77:25:77:Infinity":33,"b:77:25:77:40:77:40:77:Infinity":9,"b:80:12:94:Infinity:96:12:99:Infinity":10,"b:81:15:81:Infinity:82:16:85:Infinity":11,"b:83:18:83:Infinity:85:18:85:Infinity":12,"b:88:15:88:31:88:31:88:Infinity":13,"b:90:16:90:Infinity:92:16:92:Infinity":14,"b:102:11:102:27:102:27:102:Infinity:103:12:105:Infinity":15,"b:108:9:108:24:108:24:108:38:108:38:108:Infinity:109:10:111:Infinity":16,"f:110:32:110:33":9,"s:110:43:110:81":34,"s:117:22:123:Infinity":35,"f:117:22:117:23":10,"b:118:4:118:Infinity:undefined:undefined:undefined:undefined":17,"s:118:4:118:Infinity":36,"s:118:21:118:Infinity":37,"s:119:14:119:Infinity":38,"s:120:18:120:Infinity":39,"s:121:14:121:Infinity":40,"s:122:4:122:Infinity":41,"b:125:2:131:Infinity:undefined:undefined:undefined:undefined":18,"s:125:2:131:Infinity":42,"s:126:4:129:Infinity":43,"b:133:2:139:Infinity:undefined:undefined:undefined:undefined":19,"s:133:2:139:Infinity":44,"s:134:4:137:Infinity":45,"b:141:2:147:Infinity:undefined:undefined:undefined:undefined":20,"s:141:2:147:Infinity":46,"s:142:4:145:Infinity":47,"s:149:2:152:Infinity":48,"f:151:16:151:17":11,"s:151:26:151:42":49}}}
,"C:\\Users\\lukaf\\Desktop\\Dev Work\\cola-records\\src\\renderer\\components\\ui\\Button.tsx": {"path":"C:\\Users\\lukaf\\Desktop\\Dev Work\\cola-records\\src\\renderer\\components\\ui\\Button.tsx","statementMap":{"0":{"start":{"line":5,"column":6},"end":{"line":29,"column":null}},"1":{"start":{"line":37,"column":15},"end":{"line":47,"column":null}},"2":{"start":{"line":39,"column":4},"end":{"line":44,"column":null}},"3":{"start":{"line":49,"column":0},"end":{"line":49,"column":null}}},"fnMap":{"0":{"name":"(anonymous_0)","decl":{"start":{"line":38,"column":2},"end":{"line":38,"column":3}},"loc":{"start":{"line":38,"column":51},"end":{"line":46,"column":null}},"line":38}},"branchMap":{},"s":{"0":1,"1":1,"2":8,"3":1},"f":{"0":8},"b":{},"meta":{"lastBranch":0,"lastFunction":1,"lastStatement":4,"seen":{"s:5:6:29:Infinity":0,"s:37:15:47:Infinity":1,"f:38:2:38:3":0,"s:39:4:44:Infinity":2,"s:49:0:49:Infinity":3}}}
,"C:\\Users\\lukaf\\Desktop\\Dev Work\\cola-records\\src\\renderer\\components\\ui\\Dialog.tsx": {"path":"C:\\Users\\lukaf\\Desktop\\Dev Work\\cola-records\\src\\renderer\\components\\ui\\Dialog.tsx","statementMap":{"0":{"start":{"line":6,"column":15},"end":{"line":6,"column":null}},"1":{"start":{"line":8,"column":22},"end":{"line":8,"column":null}},"2":{"start":{"line":10,"column":21},"end":{"line":10,"column":null}},"3":{"start":{"line":12,"column":20},"end":{"line":12,"column":null}},"4":{"start":{"line":14,"column":22},"end":{"line":26,"column":null}},"5":{"start":{"line":18,"column":2},"end":{"line":25,"column":null}},"6":{"start":{"line":27,"column":0},"end":{"line":27,"column":null}},"7":{"start":{"line":29,"column":22},"end":{"line":50,"column":null}},"8":{"start":{"line":33,"column":2},"end":{"line":49,"column":null}},"9":{"start":{"line":51,"column":0},"end":{"line":51,"column":null}},"10":{"start":{"line":53,"column":21},"end":{"line":57,"column":null}},"11":{"start":{"line":54,"column":2},"end":{"line":57,"column":null}},"12":{"start":{"line":59,"column":0},"end":{"line":59,"column":null}},"13":{"start":{"line":61,"column":21},"end":{"line":65,"column":null}},"14":{"start":{"line":62,"column":2},"end":{"line":65,"column":null}},"15":{"start":{"line":67,"column":0},"end":{"line":67,"column":null}},"16":{"start":{"line":69,"column":20},"end":{"line":78,"column":null}},"17":{"start":{"line":73,"column":2},"end":{"line":77,"column":null}},"18":{"start":{"line":79,"column":0},"end":{"line":79,"column":null}},"19":{"start":{"line":81,"column":26},"end":{"line":90,"column":null}},"20":{"start":{"line":85,"column":2},"end":{"line":89,"column":null}},"21":{"start":{"line":91,"column":0},"end":{"line":91,"column":null}}},"fnMap":{"0":{"name":"(anonymous_0)","decl":{"start":{"line":17,"column":2},"end":{"line":17,"column":3}},"loc":{"start":{"line":18,"column":2},"end":{"line":25,"column":null}},"line":18},"1":{"name":"(anonymous_1)","decl":{"start":{"line":32,"column":2},"end":{"line":32,"column":3}},"loc":{"start":{"line":33,"column":2},"end":{"line":49,"column":null}},"line":33},"2":{"name":"(anonymous_2)","decl":{"start":{"line":53,"column":21},"end":{"line":53,"column":22}},"loc":{"start":{"line":54,"column":2},"end":{"line":57,"column":null}},"line":54},"3":{"name":"(anonymous_3)","decl":{"start":{"line":61,"column":21},"end":{"line":61,"column":22}},"loc":{"start":{"line":62,"column":2},"end":{"line":65,"column":null}},"line":62},"4":{"name":"(anonymous_4)","decl":{"start":{"line":72,"column":2},"end":{"line":72,"column":3}},"loc":{"start":{"line":73,"column":2},"end":{"line":77,"column":null}},"line":73},"5":{"name":"(anonymous_5)","decl":{"start":{"line":84,"column":2},"end":{"line":84,"column":3}},"loc":{"start":{"line":85,"column":2},"end":{"line":89,"column":null}},"line":85}},"branchMap":{},"s":{"0":1,"1":1,"2":1,"3":1,"4":1,"5":16,"6":1,"7":1,"8":9,"9":1,"10":1,"11":8,"12":1,"13":1,"14":5,"15":1,"16":1,"17":8,"18":1,"19":1,"20":8,"21":1},"f":{"0":16,"1":9,"2":8,"3":5,"4":8,"5":8},"b":{},"meta":{"lastBranch":0,"lastFunction":6,"lastStatement":22,"seen":{"s:6:15:6:Infinity":0,"s:8:22:8:Infinity":1,"s:10:21:10:Infinity":2,"s:12:20:12:Infinity":3,"s:14:22:26:Infinity":4,"f:17:2:17:3":0,"s:18:2:25:Infinity":5,"s:27:0:27:Infinity":6,"s:29:22:50:Infinity":7,"f:32:2:32:3":1,"s:33:2:49:Infinity":8,"s:51:0:51:Infinity":9,"s:53:21:57:Infinity":10,"f:53:21:53:22":2,"s:54:2:57:Infinity":11,"s:59:0:59:Infinity":12,"s:61:21:65:Infinity":13,"f:61:21:61:22":3,"s:62:2:65:Infinity":14,"s:67:0:67:Infinity":15,"s:69:20:78:Infinity":16,"f:72:2:72:3":4,"s:73:2:77:Infinity":17,"s:79:0:79:Infinity":18,"s:81:26:90:Infinity":19,"f:84:2:84:3":5,"s:85:2:89:Infinity":20,"s:91:0:91:Infinity":21}}}
,"C:\\Users\\lukaf\\Desktop\\Dev Work\\cola-records\\src\\renderer\\components\\ui\\Progress.tsx": {"path":"C:\\Users\\lukaf\\Desktop\\Dev Work\\cola-records\\src\\renderer\\components\\ui\\Progress.tsx","statementMap":{"0":{"start":{"line":5,"column":17},"end":{"line":22,"column":null}},"1":{"start":{"line":9,"column":2},"end":{"line":21,"column":null}},"2":{"start":{"line":24,"column":0},"end":{"line":24,"column":null}}},"fnMap":{"0":{"name":"(anonymous_0)","decl":{"start":{"line":8,"column":2},"end":{"line":8,"column":3}},"loc":{"start":{"line":9,"column":2},"end":{"line":21,"column":null}},"line":9}},"branchMap":{"0":{"loc":{"start":{"line":19,"column":48},"end":{"line":19,"column":59}},"type":"binary-expr","locations":[{"start":{"line":19,"column":48},"end":{"line":19,"column":57}},{"start":{"line":19,"column":57},"end":{"line":19,"column":59}}],"line":19}},"s":{"0":2,"1":15,"2":2},"f":{"0":15},"b":{"0":[15,6]},"meta":{"lastBranch":1,"lastFunction":1,"lastStatement":3,"seen":{"s:5:17:22:Infinity":0,"f:8:2:8:3":0,"s:9:2:21:Infinity":1,"b:19:48:19:57:19:57:19:59":0,"s:24:0:24:Infinity":2}}}
,"C:\\Users\\lukaf\\Desktop\\Dev Work\\cola-records\\src\\renderer\\hooks\\useContributionWorkflow.ts": {"path":"C:\\Users\\lukaf\\Desktop\\Dev Work\\cola-records\\src\\renderer\\hooks\\useContributionWorkflow.ts","statementMap":{"0":{"start":{"line":24,"column":24},"end":{"line":29,"column":null}},"1":{"start":{"line":31,"column":29},"end":{"line":31,"column":null}},"2":{"start":{"line":32,"column":27},"end":{"line":32,"column":null}},"3":{"start":{"line":34,"column":24},"end":{"line":76,"column":null}},"4":{"start":{"line":35,"column":4},"end":{"line":75,"column":null}},"5":{"start":{"line":37,"column":6},"end":{"line":37,"column":null}},"6":{"start":{"line":38,"column":19},"end":{"line":38,"column":null}},"7":{"start":{"line":41,"column":6},"end":{"line":41,"column":null}},"8":{"start":{"line":42,"column":24},"end":{"line":42,"column":null}},"9":{"start":{"line":43,"column":6},"end":{"line":43,"column":null}},"10":{"start":{"line":46,"column":6},"end":{"line":46,"column":null}},"11":{"start":{"line":47,"column":30},"end":{"line":47,"column":null}},"12":{"start":{"line":48,"column":6},"end":{"line":48,"column":null}},"13":{"start":{"line":51,"column":6},"end":{"line":51,"column":null}},"14":{"start":{"line":52,"column":25},"end":{"line":52,"column":null}},"15":{"start":{"line":53,"column":6},"end":{"line":53,"column":null}},"16":{"start":{"line":54,"column":6},"end":{"line":54,"column":null}},"17":{"start":{"line":57,"column":27},"end":{"line":64,"column":null}},"18":{"start":{"line":66,"column":6},"end":{"line":66,"column":null}},"19":{"start":{"line":67,"column":6},"end":{"line":67,"column":null}},"20":{"start":{"line":69,"column":27},"end":{"line":69,"column":null}},"21":{"start":{"line":70,"column":6},"end":{"line":70,"column":null}},"22":{"start":{"line":73,"column":6},"end":{"line":73,"column":null}},"23":{"start":{"line":74,"column":6},"end":{"line":74,"column":null}},"24":{"start":{"line":78,"column":19},"end":{"line":83,"column":null}},"25":{"start":{"line":82,"column":4},"end":{"line":82,"column":null}},"26":{"start":{"line":85,"column":16},"end":{"line":92,"column":null}},"27":{"start":{"line":86,"column":4},"end":{"line":91,"column":null}},"28":{"start":{"line":94,"column":2},"end":{"line":94,"column":null}}},"fnMap":{"0":{"name":"useContributionWorkflow","decl":{"start":{"line":23,"column":16},"end":{"line":23,"column":42}},"loc":{"start":{"line":23,"column":42},"end":{"line":95,"column":null}},"line":23},"1":{"name":"(anonymous_1)","decl":{"start":{"line":34,"column":24},"end":{"line":34,"column":31}},"loc":{"start":{"line":34,"column":77},"end":{"line":76,"column":null}},"line":34},"2":{"name":"(anonymous_2)","decl":{"start":{"line":78,"column":19},"end":{"line":78,"column":31}},"loc":{"start":{"line":78,"column":31},"end":{"line":83,"column":null}},"line":78},"3":{"name":"(anonymous_3)","decl":{"start":{"line":85,"column":16},"end":{"line":85,"column":22}},"loc":{"start":{"line":85,"column":22},"end":{"line":92,"column":null}},"line":85}},"branchMap":{"0":{"loc":{"start":{"line":69,"column":27},"end":{"line":69,"column":null}},"type":"cond-expr","locations":[{"start":{"line":69,"column":52},"end":{"line":69,"column":68}},{"start":{"line":69,"column":68},"end":{"line":69,"column":null}}],"line":69}},"s":{"0":19,"1":19,"2":19,"3":19,"4":8,"5":8,"6":8,"7":7,"8":7,"9":7,"10":6,"11":6,"12":6,"13":5,"14":5,"15":5,"16":4,"17":4,"18":4,"19":4,"20":4,"21":4,"22":4,"23":4,"24":19,"25":4,"26":19,"27":1,"28":19},"f":{"0":19,"1":8,"2":4,"3":1},"b":{"0":[4,0]},"meta":{"lastBranch":1,"lastFunction":4,"lastStatement":29,"seen":{"f:23:16:23:42":0,"s:24:24:29:Infinity":0,"s:31:29:31:Infinity":1,"s:32:27:32:Infinity":2,"s:34:24:76:Infinity":3,"f:34:24:34:31":1,"s:35:4:75:Infinity":4,"s:37:6:37:Infinity":5,"s:38:19:38:Infinity":6,"s:41:6:41:Infinity":7,"s:42:24:42:Infinity":8,"s:43:6:43:Infinity":9,"s:46:6:46:Infinity":10,"s:47:30:47:Infinity":11,"s:48:6:48:Infinity":12,"s:51:6:51:Infinity":13,"s:52:25:52:Infinity":14,"s:53:6:53:Infinity":15,"s:54:6:54:Infinity":16,"s:57:27:64:Infinity":17,"s:66:6:66:Infinity":18,"s:67:6:67:Infinity":19,"s:69:27:69:Infinity":20,"b:69:52:69:68:69:68:69:Infinity":0,"s:70:6:70:Infinity":21,"s:73:6:73:Infinity":22,"s:74:6:74:Infinity":23,"s:78:19:83:Infinity":24,"f:78:19:78:31":2,"s:82:4:82:Infinity":25,"s:85:16:92:Infinity":26,"f:85:16:85:22":3,"s:86:4:91:Infinity":27,"s:94:2:94:Infinity":28}}}
,"C:\\Users\\lukaf\\Desktop\\Dev Work\\cola-records\\src\\renderer\\ipc\\client.ts": {"path":"C:\\Users\\lukaf\\Desktop\\Dev Work\\cola-records\\src\\renderer\\ipc\\client.ts","statementMap":{"0":{"start":{"line":45,"column":4},"end":{"line":45,"column":null}},"1":{"start":{"line":55,"column":4},"end":{"line":55,"column":null}},"2":{"start":{"line":62,"column":4},"end":{"line":62,"column":null}},"3":{"start":{"line":69,"column":4},"end":{"line":69,"column":null}},"4":{"start":{"line":76,"column":4},"end":{"line":76,"column":null}},"5":{"start":{"line":81,"column":19},"end":{"line":81,"column":null}}},"fnMap":{"0":{"name":"(anonymous_0)","decl":{"start":{"line":41,"column":8},"end":{"line":41,"column":null}},"loc":{"start":{"line":44,"column":41},"end":{"line":46,"column":null}},"line":44},"1":{"name":"(anonymous_1)","decl":{"start":{"line":51,"column":2},"end":{"line":51,"column":null}},"loc":{"start":{"line":54,"column":10},"end":{"line":56,"column":null}},"line":54},"2":{"name":"(anonymous_2)","decl":{"start":{"line":61,"column":2},"end":{"line":61,"column":5}},"loc":{"start":{"line":61,"column":70},"end":{"line":63,"column":null}},"line":61},"3":{"name":"(anonymous_3)","decl":{"start":{"line":68,"column":6},"end":{"line":68,"column":34}},"loc":{"start":{"line":68,"column":34},"end":{"line":70,"column":null}},"line":68},"4":{"name":"(anonymous_4)","decl":{"start":{"line":75,"column":6},"end":{"line":75,"column":31}},"loc":{"start":{"line":75,"column":31},"end":{"line":77,"column":null}},"line":75}},"branchMap":{},"s":{"0":1,"1":1,"2":1,"3":2,"4":1,"5":1},"f":{"0":1,"1":1,"2":1,"3":2,"4":1},"b":{},"meta":{"lastBranch":0,"lastFunction":5,"lastStatement":6,"seen":{"f:41:8:41:Infinity":0,"s:45:4:45:Infinity":0,"f:51:2:51:Infinity":1,"s:55:4:55:Infinity":1,"f:61:2:61:5":2,"s:62:4:62:Infinity":2,"f:68:6:68:34":3,"s:69:4:69:Infinity":3,"f:75:6:75:31":4,"s:76:4:76:Infinity":4,"s:81:19:81:Infinity":5}}}
,"C:\\Users\\lukaf\\Desktop\\Dev Work\\cola-records\\src\\renderer\\lib\\utils.ts": {"path":"C:\\Users\\lukaf\\Desktop\\Dev Work\\cola-records\\src\\renderer\\lib\\utils.ts","statementMap":{"0":{"start":{"line":5,"column":2},"end":{"line":5,"column":null}}},"fnMap":{"0":{"name":"cn","decl":{"start":{"line":4,"column":16},"end":{"line":4,"column":22}},"loc":{"start":{"line":4,"column":44},"end":{"line":6,"column":null}},"line":4}},"branchMap":{},"s":{"0":77},"f":{"0":77},"b":{},"meta":{"lastBranch":0,"lastFunction":1,"lastStatement":1,"seen":{"f:4:16:4:22":0,"s:5:2:5:Infinity":0}}}
,"C:\\Users\\lukaf\\Desktop\\Dev Work\\cola-records\\src\\renderer\\stores\\useContributionsStore.ts": {"path":"C:\\Users\\lukaf\\Desktop\\Dev Work\\cola-records\\src\\renderer\\stores\\useContributionsStore.ts","statementMap":{"0":{"start":{"line":18,"column":13},"end":{"line":82,"column":null}},"1":{"start":{"line":18,"column":79},"end":{"line":82,"column":2}},"2":{"start":{"line":24,"column":4},"end":{"line":24,"column":null}},"3":{"start":{"line":25,"column":4},"end":{"line":30,"column":null}},"4":{"start":{"line":26,"column":28},"end":{"line":26,"column":null}},"5":{"start":{"line":27,"column":6},"end":{"line":27,"column":null}},"6":{"start":{"line":29,"column":6},"end":{"line":29,"column":null}},"7":{"start":{"line":34,"column":4},"end":{"line":34,"column":null}},"8":{"start":{"line":35,"column":4},"end":{"line":45,"column":null}},"9":{"start":{"line":36,"column":27},"end":{"line":36,"column":null}},"10":{"start":{"line":37,"column":6},"end":{"line":40,"column":null}},"11":{"start":{"line":37,"column":22},"end":{"line":40,"column":8}},"12":{"start":{"line":41,"column":6},"end":{"line":41,"column":null}},"13":{"start":{"line":43,"column":6},"end":{"line":43,"column":null}},"14":{"start":{"line":44,"column":6},"end":{"line":44,"column":null}},"15":{"start":{"line":49,"column":4},"end":{"line":49,"column":null}},"16":{"start":{"line":50,"column":4},"end":{"line":62,"column":null}},"17":{"start":{"line":51,"column":22},"end":{"line":51,"column":null}},"18":{"start":{"line":52,"column":6},"end":{"line":57,"column":null}},"19":{"start":{"line":52,"column":22},"end":{"line":57,"column":8}},"20":{"start":{"line":54,"column":10},"end":{"line":54,"column":null}},"21":{"start":{"line":58,"column":6},"end":{"line":58,"column":null}},"22":{"start":{"line":60,"column":6},"end":{"line":60,"column":null}},"23":{"start":{"line":61,"column":6},"end":{"line":61,"column":null}},"24":{"start":{"line":66,"column":4},"end":{"line":66,"column":null}},"25":{"start":{"line":67,"column":4},"end":{"line":76,"column":null}},"26":{"start":{"line":68,"column":6},"end":{"line":68,"column":null}},"27":{"start":{"line":69,"column":6},"end":{"line":72,"column":null}},"28":{"start":{"line":69,"column":22},"end":{"line":72,"column":8}},"29":{"start":{"line":70,"column":57},"end":{"line":70,"column":68}},"30":{"start":{"line":74,"column":6},"end":{"line":74,"column":null}},"31":{"start":{"line":75,"column":6},"end":{"line":75,"column":null}},"32":{"start":{"line":80,"column":4},"end":{"line":80,"column":null}},"33":{"start":{"line":80,"column":43},"end":{"line":80,"column":54}}},"fnMap":{"0":{"name":"(anonymous_0)","decl":{"start":{"line":18,"column":64},"end":{"line":18,"column":65}},"loc":{"start":{"line":18,"column":79},"end":{"line":82,"column":2}},"line":18},"1":{"name":"(anonymous_1)","decl":{"start":{"line":23,"column":22},"end":{"line":23,"column":34}},"loc":{"start":{"line":23,"column":34},"end":{"line":31,"column":null}},"line":23},"2":{"name":"(anonymous_2)","decl":{"start":{"line":33,"column":22},"end":{"line":33,"column":29}},"loc":{"start":{"line":33,"column":38},"end":{"line":46,"column":null}},"line":33},"3":{"name":"(anonymous_3)","decl":{"start":{"line":37,"column":10},"end":{"line":37,"column":11}},"loc":{"start":{"line":37,"column":22},"end":{"line":40,"column":8}},"line":37},"4":{"name":"(anonymous_4)","decl":{"start":{"line":48,"column":22},"end":{"line":48,"column":29}},"loc":{"start":{"line":48,"column":42},"end":{"line":63,"column":null}},"line":48},"5":{"name":"(anonymous_5)","decl":{"start":{"line":52,"column":10},"end":{"line":52,"column":11}},"loc":{"start":{"line":52,"column":22},"end":{"line":57,"column":8}},"line":52},"6":{"name":"(anonymous_6)","decl":{"start":{"line":53,"column":47},"end":{"line":53,"column":48}},"loc":{"start":{"line":54,"column":10},"end":{"line":54,"column":null}},"line":54},"7":{"name":"(anonymous_7)","decl":{"start":{"line":65,"column":22},"end":{"line":65,"column":29}},"loc":{"start":{"line":65,"column":36},"end":{"line":77,"column":null}},"line":65},"8":{"name":"(anonymous_8)","decl":{"start":{"line":69,"column":10},"end":{"line":69,"column":11}},"loc":{"start":{"line":69,"column":22},"end":{"line":72,"column":8}},"line":69},"9":{"name":"(anonymous_9)","decl":{"start":{"line":70,"column":50},"end":{"line":70,"column":51}},"loc":{"start":{"line":70,"column":57},"end":{"line":70,"column":68}},"line":70},"10":{"name":"(anonymous_10)","decl":{"start":{"line":79,"column":23},"end":{"line":79,"column":24}},"loc":{"start":{"line":79,"column":31},"end":{"line":81,"column":null}},"line":79},"11":{"name":"(anonymous_11)","decl":{"start":{"line":80,"column":36},"end":{"line":80,"column":37}},"loc":{"start":{"line":80,"column":43},"end":{"line":80,"column":54}},"line":80}},"branchMap":{"0":{"loc":{"start":{"line":54,"column":10},"end":{"line":54,"column":null}},"type":"cond-expr","locations":[{"start":{"line":54,"column":24},"end":{"line":54,"column":34}},{"start":{"line":54,"column":34},"end":{"line":54,"column":null}}],"line":54}},"s":{"0":1,"1":1,"2":2,"3":2,"4":2,"5":1,"6":1,"7":0,"8":0,"9":0,"10":0,"11":0,"12":0,"13":0,"14":0,"15":0,"16":0,"17":0,"18":0,"19":0,"20":0,"21":0,"22":0,"23":0,"24":0,"25":0,"26":0,"27":0,"28":0,"29":0,"30":0,"31":0,"32":2,"33":2},"f":{"0":1,"1":2,"2":0,"3":0,"4":0,"5":0,"6":0,"7":0,"8":0,"9":0,"10":2,"11":2},"b":{"0":[0,0]},"meta":{"lastBranch":1,"lastFunction":12,"lastStatement":34,"seen":{"s:18:13:82:Infinity":0,"f:18:64:18:65":0,"s:18:79:82:2":1,"f:23:22:23:34":1,"s:24:4:24:Infinity":2,"s:25:4:30:Infinity":3,"s:26:28:26:Infinity":4,"s:27:6:27:Infinity":5,"s:29:6:29:Infinity":6,"f:33:22:33:29":2,"s:34:4:34:Infinity":7,"s:35:4:45:Infinity":8,"s:36:27:36:Infinity":9,"s:37:6:40:Infinity":10,"f:37:10:37:11":3,"s:37:22:40:8":11,"s:41:6:41:Infinity":12,"s:43:6:43:Infinity":13,"s:44:6:44:Infinity":14,"f:48:22:48:29":4,"s:49:4:49:Infinity":15,"s:50:4:62:Infinity":16,"s:51:22:51:Infinity":17,"s:52:6:57:Infinity":18,"f:52:10:52:11":5,"s:52:22:57:8":19,"f:53:47:53:48":6,"s:54:10:54:Infinity":20,"b:54:24:54:34:54:34:54:Infinity":0,"s:58:6:58:Infinity":21,"s:60:6:60:Infinity":22,"s:61:6:61:Infinity":23,"f:65:22:65:29":7,"s:66:4:66:Infinity":24,"s:67:4:76:Infinity":25,"s:68:6:68:Infinity":26,"s:69:6:72:Infinity":27,"f:69:10:69:11":8,"s:69:22:72:8":28,"f:70:50:70:51":9,"s:70:57:70:68":29,"s:74:6:74:Infinity":30,"s:75:6:75:Infinity":31,"f:79:23:79:24":10,"s:80:4:80:Infinity":32,"f:80:36:80:37":11,"s:80:43:80:54":33}}}
}
